START: ptest-runner
2021-12-10T19:34
BEGIN: /usr/lib/fftw/ptest
fftw  test result:PASSED
fftwf test result:PASSED
fftwl test result:PASSED
DURATION: 1912
END: /usr/lib/fftw/ptest
2021-12-10T20:06
2021-12-10T20:06
BEGIN: /usr/lib/gnuradio/ptest
Test project /usr/lib/gnuradio/ptest
        Start   1: qa_flowgraph
  1/213 Test   #1: qa_flowgraph .........................   Passed    
        Start   2: qa_prefs
  2/213 Test   #2: qa_prefs .............................   Passed    
        Start   3: qa_random
  3/213 Test   #3: qa_random ............................   Passed   
        Start   4: qa_tag_utils
  4/213 Test   #4: qa_tag_utils .........................   Passed    
        Start   5: qa_hier_block2
  5/213 Test   #5: qa_hier_block2 .......................   Passed   
        Start   6: qa_uncaught_exception
  6/213 Test   #6: qa_uncaught_exception ................   Passed    
        Start   7: qa_pmt
  7/213 Test   #7: qa_pmt ...............................   Passed    
        Start   8: qa_pmt_to_python
  8/213 Test   #8: qa_pmt_to_python .....................   Passed    
        Start   9: qa_add_mult_div_sub
  9/213 Test   #9: qa_add_mult_div_sub ..................   Passed    
        Start  10: qa_add_mult_v
 10/213 Test  #10: qa_add_mult_v ........................   Passed    
        Start  11: qa_affinity
 11/213 Test  #11: qa_affinity ..........................   Passed    
        Start  12: qa_argmax
 12/213 Test  #12: qa_argmax ............................   Passed    
        Start  13: qa_block_behavior
 13/213 Test  #13: qa_block_behavior ....................   Passed    
        Start  14: qa_block_gateway
 14/213 Test  #14: qa_block_gateway .....................   Passed    
        Start  15: qa_boolean_operators
 15/213 Test  #15: qa_boolean_operators .................   Passed    
        Start  16: qa_burst_tagger
 16/213 Test  #16: qa_burst_tagger ......................   Passed    
        Start  17: qa_conjugate
 17/213 Test  #17: qa_conjugate .........................   Passed    
        Start  18: qa_copy
 18/213 Test  #18: qa_copy ..............................   Passed    
        Start  19: qa_delay
 19/213 Test  #19: qa_delay .............................   Passed    
        Start  20: qa_endian_swap
 20/213 Test  #20: qa_endian_swap .......................   Passed    
        Start  21: qa_exponentiate_const_cci
 21/213 Test  #21: qa_exponentiate_const_cci ............   Passed    
        Start  22: qa_file_descriptor_source_sink
 22/213 Test  #22: qa_file_descriptor_source_sink .......   Passed    
        Start  23: qa_file_metadata
 23/213 Test  #23: qa_file_metadata .....................   Passed    
        Start  24: qa_file_sink
 24/213 Test  #24: qa_file_sink .........................   Passed    
        Start  25: qa_file_source
 25/213 Test  #25: qa_file_source .......................   Passed    
        Start  26: qa_head
 26/213 Test  #26: qa_head ..............................   Passed    
        Start  27: qa_hier_block2
 27/213 Test  #27: qa_hier_block2 .......................   Passed    
        Start  28: qa_hier_block2_message_connections
 28/213 Test  #28: qa_hier_block2_message_connections ...   Passed    
        Start  29: qa_integrate
 29/213 Test  #29: qa_integrate .........................   Passed    
        Start  30: qa_interleave
 30/213 Test  #30: qa_interleave ........................   Passed    
        Start  31: qa_keep_m_in_n
 31/213 Test  #31: qa_keep_m_in_n .......................   Passed    
        Start  32: qa_keep_one_in_n
 32/213 Test  #32: qa_keep_one_in_n .....................   Passed    
        Start  33: qa_logger
 33/213 Test  #33: qa_logger ............................   Passed    
        Start  34: qa_matrix_interleaver
 34/213 Test  #34: qa_matrix_interleaver ................   Passed    
        Start  35: qa_max
 35/213 Test  #35: qa_max ...............................   Passed    
        Start  36: qa_message
 36/213 Test  #36: qa_message ...........................   Passed    
        Start  37: qa_message_debug
 37/213 Test  #37: qa_message_debug .....................   Passed    
        Start  38: qa_message_strobe
 38/213 Test  #38: qa_message_strobe ....................   Passed    
        Start  39: qa_min
 39/213 Test  #39: qa_min ...............................   Passed    
        Start  40: qa_moving_average
 40/213 Test  #40: qa_moving_average ....................   Passed    
        Start  41: qa_multiply_conjugate
 41/213 Test  #41: qa_multiply_conjugate ................   Passed    
        Start  42: qa_multiply_matrix_xx
 42/213 Test  #42: qa_multiply_matrix_xx ................   Passed    
        Start  43: qa_mute
 43/213 Test  #43: qa_mute ..............................   Passed    
        Start  44: qa_nlog10
 44/213 Test  #44: qa_nlog10 ............................   Passed    
        Start  45: qa_null_sink_source
 45/213 Test  #45: qa_null_sink_source ..................   Passed    
        Start  46: qa_pack_k_bits
 46/213 Test  #46: qa_pack_k_bits .......................   Passed    
        Start  47: qa_packed_to_unpacked
 47/213 Test  #47: qa_packed_to_unpacked ................   Passed    
        Start  48: qa_patterned_interleaver
 48/213 Test  #48: qa_patterned_interleaver .............   Passed    
        Start  49: qa_peak_detector
 49/213 Test  #49: qa_peak_detector .....................   Passed    
        Start  50: qa_peak_detector2
 50/213 Test  #50: qa_peak_detector2 ....................   Passed    
        Start  51: qa_pipe_fittings
 51/213 Test  #51: qa_pipe_fittings .....................   Passed    
        Start  52: qa_plateau_detector_fb
 52/213 Test  #52: qa_plateau_detector_fb ...............   Passed    
        Start  53: qa_probe_signal
 53/213 Test  #53: qa_probe_signal ......................   Passed    
        Start  54: qa_python_message_passing
 54/213 Test  #54: qa_python_message_passing ............   Passed    
        Start  55: qa_regenerate
 55/213 Test  #55: qa_regenerate ........................   Passed    
        Start  56: qa_repack_bits_bb
 56/213 Test  #56: qa_repack_bits_bb ....................   Passed    
        Start  57: qa_repeat
 57/213 Test  #57: qa_repeat ............................   Passed    
        Start  58: qa_rms
 58/213 Test  #58: qa_rms ...............................   Passed    
        Start  59: qa_rotator_cc
 59/213 Test  #59: qa_rotator_cc ........................   Passed    
        Start  60: qa_sample_and_hold
 60/213 Test  #60: qa_sample_and_hold ...................   Passed    
        Start  61: qa_selector
 61/213 Test  #61: qa_selector ..........................   Passed    
        Start  62: qa_skiphead
 62/213 Test  #62: qa_skiphead ..........................   Passed    
        Start  63: qa_stream_demux
 63/213 Test  #63: qa_stream_demux ......................   Passed    
        Start  64: qa_stream_mux
 64/213 Test  #64: qa_stream_mux ........................   Passed    
        Start  65: qa_stream_to_tagged_stream
 65/213 Test  #65: qa_stream_to_tagged_stream ...........   Passed    
        Start  66: qa_stretch
 66/213 Test  #66: qa_stretch ...........................   Passed    
        Start  67: qa_tag_debug
 67/213 Test  #67: qa_tag_debug .........................   Passed    
        Start  68: qa_tag_file_sink
 68/213 Test  #68: qa_tag_file_sink .....................   Passed    
        Start  69: qa_tag_gate
 69/213 Test  #69: qa_tag_gate ..........................   Passed    
        Start  70: qa_tag_share
 70/213 Test  #70: qa_tag_share .........................   Passed    
        Start  71: qa_tagged_stream_mux
 71/213 Test  #71: qa_tagged_stream_mux .................   Passed    
        Start  72: qa_tags_strobe
 72/213 Test  #72: qa_tags_strobe .......................   Passed    
        Start  73: qa_threshold
 73/213 Test  #73: qa_threshold .........................   Passed    
        Start  74: qa_throttle
 74/213 Test  #74: qa_throttle ..........................   Passed    
        Start  75: qa_transcendental
 75/213 Test  #75: qa_transcendental ....................   Passed    
        Start  76: qa_tsb_vector_sink_X
 76/213 Test  #76: qa_tsb_vector_sink_X .................   Passed    
        Start  77: qa_type_conversions
 77/213 Test  #77: qa_type_conversions ..................   Passed    
        Start  78: qa_unpack_k_bits
 78/213 Test  #78: qa_unpack_k_bits .....................   Passed    
        Start  79: qa_vco
 79/213 Test  #79: qa_vco ...............................   Passed    
        Start  80: qa_vector_insert
 80/213 Test  #80: qa_vector_insert .....................   Passed    
        Start  81: qa_vector_map
 81/213 Test  #81: qa_vector_map ........................   Passed    
        Start  82: qa_vector_sink_source
 82/213 Test  #82: qa_vector_sink_source ................   Passed    
        Start  83: qa_wavfile
 83/213 Test  #83: qa_wavfile ...........................***Failed    
        Start  84: test_rs
Could not find executable gr_fec_rstest
Looked in the following places:
gr_fec_rstest
gr_fec_rstest
Release/gr_fec_rstest
Release/gr_fec_rstest
Debug/gr_fec_rstest
Debug/gr_fec_rstest
MinSizeRel/gr_fec_rstest
MinSizeRel/gr_fec_rstest
RelWithDebInfo/gr_fec_rstest
RelWithDebInfo/gr_fec_rstest
Deployment/gr_fec_rstest
Deployment/gr_fec_rstest
Development/gr_fec_rstest
Development/gr_fec_rstest
Unable to find executable: gr_fec_rstest
 84/213 Test  #84: test_rs ..............................***Not Run   
        Start  85: qa_ber_bf
 85/213 Test  #85: qa_ber_bf ............................   Passed    
        Start  86: qa_depuncture
 86/213 Test  #86: qa_depuncture ........................   Passed   
        Start  87: qa_ecc_ccsds_27
 87/213 Test  #87: qa_ecc_ccsds_27 ......................   Passed    
        Start  88: qa_fecapi_cc
 88/213 Test  #88: qa_fecapi_cc .........................***Failed    
        Start  89: qa_fecapi_cc_buffer_overflow
 89/213 Test  #89: qa_fecapi_cc_buffer_overflow .........   Passed   
        Start  90: qa_fecapi_dummy
 90/213 Test  #90: qa_fecapi_dummy ......................***Failed    
        Start  91: qa_fecapi_ldpc
 91/213 Test  #91: qa_fecapi_ldpc .......................***Failed    
        Start  92: qa_fecapi_repetition
 92/213 Test  #92: qa_fecapi_repetition .................***Failed    
        Start  93: qa_polar_decoder_sc
 93/213 Test  #93: qa_polar_decoder_sc ..................   Passed    
        Start  94: qa_polar_decoder_sc_list
 94/213 Test  #94: qa_polar_decoder_sc_list .............   Passed    
        Start  95: qa_polar_decoder_sc_systematic
 95/213 Test  #95: qa_polar_decoder_sc_systematic .......   Passed    
        Start  96: qa_polar_encoder
 96/213 Test  #96: qa_polar_encoder .....................   Passed    
        Start  97: qa_polar_encoder_systematic
 97/213 Test  #97: qa_polar_encoder_systematic ..........   Passed    
        Start  98: qa_puncture
 98/213 Test  #98: qa_puncture ..........................   Passed   
        Start  99: qa_fft
 99/213 Test  #99: qa_fft ...............................   Passed    
        Start 100: qa_goertzel
100/213 Test #100: qa_goertzel ..........................   Passed    
        Start 101: qa_window
101/213 Test #101: qa_window ............................   Passed    
        Start 102: qa_dc_blocker
102/213 Test #102: qa_dc_blocker ........................   Passed    
        Start 103: qa_fft_filter
103/213 Test #103: qa_fft_filter ........................   Passed   
        Start 104: qa_file_taps_loader
104/213 Test #104: qa_file_taps_loader ..................***Failed    
        Start 105: qa_filter_delay_fc
105/213 Test #105: qa_filter_delay_fc ...................   Passed    
        Start 106: qa_filterbank
106/213 Test #106: qa_filterbank ........................   Passed    
        Start 107: qa_fir_filter
107/213 Test #107: qa_fir_filter ........................   Passed    
        Start 108: qa_firdes
108/213 Test #108: qa_firdes ............................   Passed    
        Start 109: qa_fractional_interpolator
109/213 Test #109: qa_fractional_interpolator ...........   Passed    
        Start 110: qa_fractional_resampler
110/213 Test #110: qa_fractional_resampler ..............   Passed    
        Start 111: qa_freq_xlating_fft_filter
111/213 Test #111: qa_freq_xlating_fft_filter ...........   Passed    
        Start 112: qa_freq_xlating_fir_filter
112/213 Test #112: qa_freq_xlating_fir_filter ...........   Passed    
        Start 113: qa_hilbert
113/213 Test #113: qa_hilbert ...........................   Passed    
        Start 114: qa_iir_filter
114/213 Test #114: qa_iir_filter ........................   Passed    
        Start 115: qa_interp_fir_filter
115/213 Test #115: qa_interp_fir_filter .................   Passed    
        Start 116: qa_pfb_arb_resampler
116/213 Test #116: qa_pfb_arb_resampler .................   Passed    
        Start 117: qa_pfb_channelizer
117/213 Test #117: qa_pfb_channelizer ...................   Passed    
        Start 118: qa_pfb_decimator
118/213 Test #118: qa_pfb_decimator .....................   Passed    
        Start 119: qa_pfb_interpolator
119/213 Test #119: qa_pfb_interpolator ..................   Passed    
        Start 120: qa_pfb_synthesizer
120/213 Test #120: qa_pfb_synthesizer ...................   Passed    
        Start 121: qa_pm_remez
121/213 Test #121: qa_pm_remez ..........................   Passed    
        Start 122: qa_rational_resampler
122/213 Test #122: qa_rational_resampler ................   Passed    
        Start 123: qa_single_pole_iir
123/213 Test #123: qa_single_pole_iir ...................   Passed    
        Start 124: qa_agc
124/213 Test #124: qa_agc ...............................   Passed    
        Start 125: qa_cpfsk
125/213 Test #125: qa_cpfsk .............................   Passed    
        Start 126: qa_ctcss_squelch
126/213 Test #126: qa_ctcss_squelch .....................   Passed    
        Start 127: qa_dpll
127/213 Test #127: qa_dpll ..............................   Passed    
        Start 128: qa_fastnoise
128/213 Test #128: qa_fastnoise .........................   Passed  
        Start 129: qa_fm_emph
129/213 Test #129: qa_fm_emph ...........................   Passed    
        Start 130: qa_fmdet
130/213 Test #130: qa_fmdet .............................   Passed    
        Start 131: qa_frequency_modulator
131/213 Test #131: qa_frequency_modulator ...............   Passed    
        Start 132: qa_noise
132/213 Test #132: qa_noise .............................   Passed    
        Start 133: qa_phase_modulator
133/213 Test #133: qa_phase_modulator ...................   Passed    
        Start 134: qa_pll_carriertracking
134/213 Test #134: qa_pll_carriertracking ...............   Passed    
        Start 135: qa_pll_freqdet
135/213 Test #135: qa_pll_freqdet .......................   Passed    
        Start 136: qa_pll_refout
136/213 Test #136: qa_pll_refout ........................   Passed    
        Start 137: qa_probe_avg_mag_sqrd
137/213 Test #137: qa_probe_avg_mag_sqrd ................   Passed    
        Start 138: qa_pwr_squelch
138/213 Test #138: qa_pwr_squelch .......................   Passed    
        Start 139: qa_quadrature_demod
139/213 Test #139: qa_quadrature_demod ..................   Passed    
        Start 140: qa_rail_ff
140/213 Test #140: qa_rail_ff ...........................   Passed    
        Start 141: qa_random_uniform_source
141/213 Test #141: qa_random_uniform_source .............   Passed    
        Start 142: qa_sig_source
142/213 Test #142: qa_sig_source ........................   Passed    
        Start 143: qa_simple_squelch
143/213 Test #143: qa_simple_squelch ....................   Passed    
        Start 144: qa_binary_slicer_fb
144/213 Test #144: qa_binary_slicer_fb ..................   Passed    
        Start 145: qa_burst_shaper
145/213 Test #145: qa_burst_shaper ......................   Passed    
        Start 146: qa_chunks_to_symbols
146/213 Test #146: qa_chunks_to_symbols .................   Passed    
        Start 147: qa_clock_recovery_mm
147/213 Test #147: qa_clock_recovery_mm .................   Passed    
        Start 148: qa_constellation
148/213 Test #148: qa_constellation .....................   Passed  
        Start 149: qa_constellation_decoder_cb
149/213 Test #149: qa_constellation_decoder_cb ..........   Passed    
        Start 150: qa_constellation_encoder_bc
150/213 Test #150: qa_constellation_encoder_bc ..........   Passed    
        Start 151: qa_constellation_receiver
151/213 Test #151: qa_constellation_receiver ............   Passed   
        Start 152: qa_constellation_soft_decoder_cf
152/213 Test #152: qa_constellation_soft_decoder_cf .....   Passed   
        Start 153: qa_correlate_access_code
153/213 Test #153: qa_correlate_access_code .............   Passed    
        Start 154: qa_correlate_access_code_XX_ts
154/213 Test #154: qa_correlate_access_code_XX_ts .......   Passed    
        Start 155: qa_correlate_access_code_tag
155/213 Test #155: qa_correlate_access_code_tag .........   Passed    
        Start 156: qa_costas_loop_cc
156/213 Test #156: qa_costas_loop_cc ....................   Passed    
        Start 157: qa_cpm
157/213 Test #157: qa_cpm ...............................   Passed    
        Start 158: qa_crc32_bb
158/213 Test #158: qa_crc32_bb ..........................   Passed    
        Start 159: qa_decision_feedback_equalizer
159/213 Test #159: qa_decision_feedback_equalizer .......   Passed    
        Start 160: qa_diff_encoder
160/213 Test #160: qa_diff_encoder ......................   Passed    
        Start 161: qa_diff_encoder_nrzi
161/213 Test #161: qa_diff_encoder_nrzi .................   Passed    
        Start 162: qa_diff_phasor_cc
162/213 Test #162: qa_diff_phasor_cc ....................   Passed    
        Start 163: qa_digital
163/213 Test #163: qa_digital ...........................   Passed    
        Start 164: qa_fll_band_edge
164/213 Test #164: qa_fll_band_edge .....................   Passed    
        Start 165: qa_framer_sink
165/213 Test #165: qa_framer_sink .......................   Passed    
        Start 166: qa_glfsr_source
166/213 Test #166: qa_glfsr_source ......................   Passed    
        Start 167: qa_hdlc_framer
167/213 Test #167: qa_hdlc_framer .......................   Passed    
        Start 168: qa_header_payload_demux
168/213 Test #168: qa_header_payload_demux ..............   Passed    
        Start 169: qa_lfsr
169/213 Test #169: qa_lfsr ..............................   Passed    
        Start 170: qa_linear_equalizer
170/213 Test #170: qa_linear_equalizer ..................   Passed    
        Start 171: qa_map
171/213 Test #171: qa_map ...............................   Passed    
        Start 172: qa_meas_evm_cc
172/213 Test #172: qa_meas_evm_cc .......................   Passed    
        Start 173: qa_mpsk_snr_est
173/213 Test #173: qa_mpsk_snr_est ......................   Passed    
        Start 174: qa_ofdm_carrier_allocator_cvc
174/213 Test #174: qa_ofdm_carrier_allocator_cvc ........   Passed    
        Start 175: qa_ofdm_chanest_vcvc
175/213 Test #175: qa_ofdm_chanest_vcvc .................   Passed    
        Start 176: qa_ofdm_cyclic_prefixer
176/213 Test #176: qa_ofdm_cyclic_prefixer ..............   Passed    
        Start 177: qa_ofdm_frame_equalizer_vcvc
177/213 Test #177: qa_ofdm_frame_equalizer_vcvc .........   Passed    
        Start 178: qa_ofdm_serializer_vcc
178/213 Test #178: qa_ofdm_serializer_vcc ...............   Passed    
        Start 179: qa_ofdm_sync_sc_cfb
179/213 Test #179: qa_ofdm_sync_sc_cfb ..................   Passed    
        Start 180: qa_ofdm_txrx
180/213 Test #180: qa_ofdm_txrx .........................   Passed    
        Start 181: qa_packet_format
181/213 Test #181: qa_packet_format .....................   Passed    
        Start 182: qa_packet_headergenerator_bb
182/213 Test #182: qa_packet_headergenerator_bb .........   Passed    
        Start 183: qa_packet_headerparser_b
183/213 Test #183: qa_packet_headerparser_b .............   Passed    
        Start 184: qa_pfb_clock_sync
184/213 Test #184: qa_pfb_clock_sync ....................   Passed    
        Start 185: qa_pn_correlator_cc
185/213 Test #185: qa_pn_correlator_cc ..................   Passed    
        Start 186: qa_probe_density
186/213 Test #186: qa_probe_density .....................   Passed    
        Start 187: qa_scrambler
187/213 Test #187: qa_scrambler .........................   Passed    
        Start 188: qa_channel_model
188/213 Test #188: qa_channel_model .....................   Passed    
        Start 189: qa_fading_model
189/213 Test #189: qa_fading_model ......................   Passed    
        Start 190: qa_add_system_time
190/213 Test #190: qa_add_system_time ...................***Failed    
        Start 191: qa_pdu
191/213 Test #191: qa_pdu ...............................***Failed    
        Start 192: qa_pdu_lambda
192/213 Test #192: qa_pdu_lambda ........................***Failed    
        Start 193: qa_pdu_split
193/213 Test #193: qa_pdu_split .........................***Failed    
        Start 194: qa_pdu_to_stream
194/213 Test #194: qa_pdu_to_stream .....................***Failed    
        Start 195: qa_tags_to_pdu
195/213 Test #195: qa_tags_to_pdu .......................***Failed    
        Start 196: qa_take_skip_to_pdu
196/213 Test #196: qa_take_skip_to_pdu ..................***Failed    
        Start 197: qa_time_delta
197/213 Test #197: qa_time_delta ........................***Failed    
        Start 198: qa_qtgui
198/213 Test #198: qa_qtgui .............................***Failed    
        Start 199: qa_trellis
199/213 Test #199: qa_trellis ...........................   Passed    
        Start 200: test_modtool
200/213 Test #200: test_modtool .........................***Failed    
        Start 201: qa_classify
201/213 Test #201: qa_classify ..........................   Passed    
        Start 202: qa_zeromq_pub
202/213 Test #202: qa_zeromq_pub ........................   Passed    
        Start 203: qa_zeromq_pubsub
203/213 Test #203: qa_zeromq_pubsub .....................   Passed    
        Start 204: qa_zeromq_pull_msg_source
204/213 Test #204: qa_zeromq_pull_msg_source ............   Passed    
        Start 205: qa_zeromq_pushpull
205/213 Test #205: qa_zeromq_pushpull ...................   Passed    
        Start 206: qa_zeromq_req_msg_source
206/213 Test #206: qa_zeromq_req_msg_source .............   Passed    
        Start 207: qa_zeromq_reqrep
207/213 Test #207: qa_zeromq_reqrep .....................   Passed    
        Start 208: qa_zeromq_sub
208/213 Test #208: qa_zeromq_sub ........................   Passed    
        Start 209: qa_zeromq_sub_msg_source
209/213 Test #209: qa_zeromq_sub_msg_source .............   Passed    
        Start 210: qa_socket_pdu
210/213 Test #210: qa_socket_pdu ........................***Failed    
        Start 211: qa_tcp_sink
211/213 Test #211: qa_tcp_sink ..........................***Failed    
        Start 212: qa_udp_sink
212/213 Test #212: qa_udp_sink ..........................***Failed    
        Start 213: qa_udp_source
213/213 Test #213: qa_udp_source ........................***Failed    

90% tests passed, 21 tests failed out of 213

Total Test time (real) = 

The following tests FAILED:
	 83 - qa_wavfile (Failed)
	 84 - test_rs (Not Run)
	 88 - qa_fecapi_cc (Failed)
	 90 - qa_fecapi_dummy (Failed)
	 91 - qa_fecapi_ldpc (Failed)
	 92 - qa_fecapi_repetition (Failed)
	104 - qa_file_taps_loader (Failed)
	190 - qa_add_system_time (Failed)
	191 - qa_pdu (Failed)
	192 - qa_pdu_lambda (Failed)
	193 - qa_pdu_split (Failed)
	194 - qa_pdu_to_stream (Failed)
	195 - qa_tags_to_pdu (Failed)
	196 - qa_take_skip_to_pdu (Failed)
	197 - qa_time_delta (Failed)
	198 - qa_qtgui (Failed)
	200 - test_modtool (Failed)
	210 - qa_socket_pdu (Failed)
	211 - qa_tcp_sink (Failed)
	212 - qa_udp_sink (Failed)
	213 - qa_udp_source (Failed)
Errors while running CTest
Output from these tests are in: /usr/lib/gnuradio/ptest/Testing/Temporary/LastTest.log
Use "--rerun-failed --output-on-failure" to re-run the failed cases verbosely.

ERROR: Exit status is 8
DURATION: 1101
END: /usr/lib/gnuradio/ptest
2021-12-10T20:24
2021-12-10T20:24
BEGIN: /usr/lib/volk/ptest
Test project /usr/lib/volk/ptest
        Start   1: qa_volk_16i_32fc_dot_prod_32fc
  1/135 Test   #1: qa_volk_16i_32fc_dot_prod_32fc .......................   Passed    
        Start   2: qa_volk_16i_branch_4_state_8
  2/135 Test   #2: qa_volk_16i_branch_4_state_8 .........................   Passed    
        Start   3: qa_volk_16i_convert_8i
  3/135 Test   #3: qa_volk_16i_convert_8i ...............................   Passed    
        Start   4: qa_volk_16i_max_star_16i
  4/135 Test   #4: qa_volk_16i_max_star_16i .............................   Passed    
        Start   5: qa_volk_16i_max_star_horizontal_16i
  5/135 Test   #5: qa_volk_16i_max_star_horizontal_16i ..................   Passed    
        Start   6: qa_volk_16i_permute_and_scalar_add
  6/135 Test   #6: qa_volk_16i_permute_and_scalar_add ...................   Passed    
        Start   7: qa_volk_16i_s32f_convert_32f
  7/135 Test   #7: qa_volk_16i_s32f_convert_32f .........................   Passed    
        Start   8: qa_volk_16i_x4_quad_max_star_16i
  8/135 Test   #8: qa_volk_16i_x4_quad_max_star_16i .....................   Passed    
        Start   9: qa_volk_16i_x5_add_quad_16i_x4
  9/135 Test   #9: qa_volk_16i_x5_add_quad_16i_x4 .......................   Passed    
        Start  10: qa_volk_16ic_convert_32fc
 10/135 Test  #10: qa_volk_16ic_convert_32fc ............................   Passed    
        Start  11: qa_volk_16ic_deinterleave_16i_x2
 11/135 Test  #11: qa_volk_16ic_deinterleave_16i_x2 .....................   Passed    
        Start  12: qa_volk_16ic_deinterleave_real_16i
 12/135 Test  #12: qa_volk_16ic_deinterleave_real_16i ...................   Passed    
        Start  13: qa_volk_16ic_deinterleave_real_8i
 13/135 Test  #13: qa_volk_16ic_deinterleave_real_8i ....................   Passed    
        Start  14: qa_volk_16ic_magnitude_16i
 14/135 Test  #14: qa_volk_16ic_magnitude_16i ...........................   Passed    
        Start  15: qa_volk_16ic_s32f_deinterleave_32f_x2
 15/135 Test  #15: qa_volk_16ic_s32f_deinterleave_32f_x2 ................   Passed    
        Start  16: qa_volk_16ic_s32f_deinterleave_real_32f
 16/135 Test  #16: qa_volk_16ic_s32f_deinterleave_real_32f ..............   Passed    
        Start  17: qa_volk_16ic_s32f_magnitude_32f
 17/135 Test  #17: qa_volk_16ic_s32f_magnitude_32f ......................   Passed    
        Start  18: qa_volk_16ic_x2_dot_prod_16ic
 18/135 Test  #18: qa_volk_16ic_x2_dot_prod_16ic ........................   Passed    
        Start  19: qa_volk_16ic_x2_multiply_16ic
 19/135 Test  #19: qa_volk_16ic_x2_multiply_16ic ........................   Passed    
        Start  20: qa_volk_16u_byteswap
 20/135 Test  #20: qa_volk_16u_byteswap .................................   Passed    
        Start  21: qa_volk_16u_byteswappuppet_16u
 21/135 Test  #21: qa_volk_16u_byteswappuppet_16u .......................   Passed    
        Start  22: qa_volk_32f_64f_add_64f
 22/135 Test  #22: qa_volk_32f_64f_add_64f ..............................   Passed    
        Start  23: qa_volk_32f_64f_multiply_64f
 23/135 Test  #23: qa_volk_32f_64f_multiply_64f .........................   Passed    
        Start  24: qa_volk_32f_8u_polarbutterfly_32f
 24/135 Test  #24: qa_volk_32f_8u_polarbutterfly_32f ....................   Passed    
        Start  25: qa_volk_32f_8u_polarbutterflypuppet_32f
 25/135 Test  #25: qa_volk_32f_8u_polarbutterflypuppet_32f ..............   Passed    
        Start  26: qa_volk_32f_accumulator_s32f
 26/135 Test  #26: qa_volk_32f_accumulator_s32f .........................   Passed    
        Start  27: qa_volk_32f_acos_32f
 27/135 Test  #27: qa_volk_32f_acos_32f .................................   Passed    
        Start  28: qa_volk_32f_asin_32f
 28/135 Test  #28: qa_volk_32f_asin_32f .................................   Passed    
        Start  29: qa_volk_32f_atan_32f
 29/135 Test  #29: qa_volk_32f_atan_32f .................................   Passed    
        Start  30: qa_volk_32f_binary_slicer_32i
 30/135 Test  #30: qa_volk_32f_binary_slicer_32i ........................   Passed    
        Start  31: qa_volk_32f_binary_slicer_8i
 31/135 Test  #31: qa_volk_32f_binary_slicer_8i .........................   Passed    
        Start  32: qa_volk_32f_convert_64f
 32/135 Test  #32: qa_volk_32f_convert_64f ..............................   Passed    
        Start  33: qa_volk_32f_cos_32f
 33/135 Test  #33: qa_volk_32f_cos_32f ..................................   Passed    
        Start  34: qa_volk_32f_exp_32f
 34/135 Test  #34: qa_volk_32f_exp_32f ..................................   Passed    
        Start  35: qa_volk_32f_expfast_32f
 35/135 Test  #35: qa_volk_32f_expfast_32f ..............................   Passed    
        Start  36: qa_volk_32f_index_max_16u
 36/135 Test  #36: qa_volk_32f_index_max_16u ............................   Passed    
        Start  37: qa_volk_32f_index_max_32u
 37/135 Test  #37: qa_volk_32f_index_max_32u ............................   Passed    
        Start  38: qa_volk_32f_invsqrt_32f
 38/135 Test  #38: qa_volk_32f_invsqrt_32f ..............................   Passed    
        Start  39: qa_volk_32f_log2_32f
 39/135 Test  #39: qa_volk_32f_log2_32f .................................   Passed    
        Start  40: qa_volk_32f_null_32f
 40/135 Test  #40: qa_volk_32f_null_32f .................................   Passed    
        Start  41: qa_volk_32f_s32f_32f_fm_detect_32f
 41/135 Test  #41: qa_volk_32f_s32f_32f_fm_detect_32f ...................   Passed    
        Start  42: qa_volk_32f_s32f_add_32f
 42/135 Test  #42: qa_volk_32f_s32f_add_32f .............................   Passed    
        Start  43: qa_volk_32f_s32f_calc_spectral_noise_floor_32f
 43/135 Test  #43: qa_volk_32f_s32f_calc_spectral_noise_floor_32f .......   Passed    
        Start  44: qa_volk_32f_s32f_convert_16i
 44/135 Test  #44: qa_volk_32f_s32f_convert_16i .........................   Passed    
        Start  45: qa_volk_32f_s32f_convert_32i
 45/135 Test  #45: qa_volk_32f_s32f_convert_32i .........................   Passed    
        Start  46: qa_volk_32f_s32f_convert_8i
 46/135 Test  #46: qa_volk_32f_s32f_convert_8i ..........................   Passed    
        Start  47: qa_volk_32f_s32f_mod_rangepuppet_32f
 47/135 Test  #47: qa_volk_32f_s32f_mod_rangepuppet_32f .................   Passed    
        Start  48: qa_volk_32f_s32f_multiply_32f
 48/135 Test  #48: qa_volk_32f_s32f_multiply_32f ........................   Passed    
        Start  49: qa_volk_32f_s32f_normalize
 49/135 Test  #49: qa_volk_32f_s32f_normalize ...........................   Passed    
        Start  50: qa_volk_32f_s32f_power_32f
 50/135 Test  #50: qa_volk_32f_s32f_power_32f ...........................   Passed    
        Start  51: qa_volk_32f_s32f_s32f_mod_range_32f
 51/135 Test  #51: qa_volk_32f_s32f_s32f_mod_range_32f ..................   Passed    
        Start  52: qa_volk_32f_s32f_stddev_32f
 52/135 Test  #52: qa_volk_32f_s32f_stddev_32f ..........................   Passed    
        Start  53: qa_volk_32f_sin_32f
 53/135 Test  #53: qa_volk_32f_sin_32f ..................................   Passed    
        Start  54: qa_volk_32f_sqrt_32f
 54/135 Test  #54: qa_volk_32f_sqrt_32f .................................   Passed    
        Start  55: qa_volk_32f_stddev_and_mean_32f_x2
 55/135 Test  #55: qa_volk_32f_stddev_and_mean_32f_x2 ...................   Passed    
        Start  56: qa_volk_32f_tan_32f
 56/135 Test  #56: qa_volk_32f_tan_32f ..................................   Passed    
        Start  57: qa_volk_32f_tanh_32f
 57/135 Test  #57: qa_volk_32f_tanh_32f .................................   Passed    
        Start  58: qa_volk_32f_x2_add_32f
 58/135 Test  #58: qa_volk_32f_x2_add_32f ...............................   Passed    
        Start  59: qa_volk_32f_x2_divide_32f
 59/135 Test  #59: qa_volk_32f_x2_divide_32f ............................   Passed    
        Start  60: qa_volk_32f_x2_dot_prod_16i
 60/135 Test  #60: qa_volk_32f_x2_dot_prod_16i ..........................   Passed    
        Start  61: qa_volk_32f_x2_dot_prod_32f
 61/135 Test  #61: qa_volk_32f_x2_dot_prod_32f ..........................   Passed    
        Start  62: qa_volk_32f_x2_fm_detectpuppet_32f
 62/135 Test  #62: qa_volk_32f_x2_fm_detectpuppet_32f ...................   Passed    
        Start  63: qa_volk_32f_x2_interleave_32fc
 63/135 Test  #63: qa_volk_32f_x2_interleave_32fc .......................   Passed    
        Start  64: qa_volk_32f_x2_max_32f
 64/135 Test  #64: qa_volk_32f_x2_max_32f ...............................   Passed    
        Start  65: qa_volk_32f_x2_min_32f
 65/135 Test  #65: qa_volk_32f_x2_min_32f ...............................   Passed    
        Start  66: qa_volk_32f_x2_multiply_32f
 66/135 Test  #66: qa_volk_32f_x2_multiply_32f ..........................   Passed    
        Start  67: qa_volk_32f_x2_pow_32f
 67/135 Test  #67: qa_volk_32f_x2_pow_32f ...............................   Passed    
        Start  68: qa_volk_32f_x2_s32f_interleave_16ic
 68/135 Test  #68: qa_volk_32f_x2_s32f_interleave_16ic ..................   Passed    
        Start  69: qa_volk_32f_x2_subtract_32f
 69/135 Test  #69: qa_volk_32f_x2_subtract_32f ..........................   Passed    
        Start  70: qa_volk_32f_x3_sum_of_poly_32f
 70/135 Test  #70: qa_volk_32f_x3_sum_of_poly_32f .......................   Passed    
        Start  71: qa_volk_32fc_32f_add_32fc
 71/135 Test  #71: qa_volk_32fc_32f_add_32fc ............................   Passed    
        Start  72: qa_volk_32fc_32f_dot_prod_32fc
 72/135 Test  #72: qa_volk_32fc_32f_dot_prod_32fc .......................   Passed    
        Start  73: qa_volk_32fc_32f_multiply_32fc
 73/135 Test  #73: qa_volk_32fc_32f_multiply_32fc .......................   Passed    
        Start  74: qa_volk_32fc_accumulator_s32fc
 74/135 Test  #74: qa_volk_32fc_accumulator_s32fc .......................   Passed    
        Start  75: qa_volk_32fc_conjugate_32fc
 75/135 Test  #75: qa_volk_32fc_conjugate_32fc ..........................   Passed    
        Start  76: qa_volk_32fc_convert_16ic
 76/135 Test  #76: qa_volk_32fc_convert_16ic ............................   Passed    
        Start  77: qa_volk_32fc_deinterleave_32f_x2
 77/135 Test  #77: qa_volk_32fc_deinterleave_32f_x2 .....................   Passed    
        Start  78: qa_volk_32fc_deinterleave_64f_x2
 78/135 Test  #78: qa_volk_32fc_deinterleave_64f_x2 .....................   Passed    
        Start  79: qa_volk_32fc_deinterleave_imag_32f
 79/135 Test  #79: qa_volk_32fc_deinterleave_imag_32f ...................   Passed    
        Start  80: qa_volk_32fc_deinterleave_real_32f
 80/135 Test  #80: qa_volk_32fc_deinterleave_real_32f ...................   Passed    
        Start  81: qa_volk_32fc_deinterleave_real_64f
 81/135 Test  #81: qa_volk_32fc_deinterleave_real_64f ...................   Passed    
        Start  82: qa_volk_32fc_index_max_16u
 82/135 Test  #82: qa_volk_32fc_index_max_16u ...........................   Passed    
        Start  83: qa_volk_32fc_index_max_32u
 83/135 Test  #83: qa_volk_32fc_index_max_32u ...........................   Passed    
        Start  84: qa_volk_32fc_magnitude_32f
 84/135 Test  #84: qa_volk_32fc_magnitude_32f ...........................   Passed    
        Start  85: qa_volk_32fc_magnitude_squared_32f
 85/135 Test  #85: qa_volk_32fc_magnitude_squared_32f ...................   Passed    
        Start  86: qa_volk_32fc_s32f_atan2_32f
 86/135 Test  #86: qa_volk_32fc_s32f_atan2_32f ..........................   Passed    
        Start  87: qa_volk_32fc_s32f_deinterleave_real_16i
 87/135 Test  #87: qa_volk_32fc_s32f_deinterleave_real_16i ..............   Passed    
        Start  88: qa_volk_32fc_s32f_magnitude_16i
 88/135 Test  #88: qa_volk_32fc_s32f_magnitude_16i ......................   Passed    
        Start  89: qa_volk_32fc_s32f_power_32fc
 89/135 Test  #89: qa_volk_32fc_s32f_power_32fc .........................   Passed    
        Start  90: qa_volk_32fc_s32f_power_spectral_densitypuppet_32f
 90/135 Test  #90: qa_volk_32fc_s32f_power_spectral_densitypuppet_32f ...   Passed    
        Start  91: qa_volk_32fc_s32f_power_spectrum_32f
 91/135 Test  #91: qa_volk_32fc_s32f_power_spectrum_32f .................   Passed    
        Start  92: qa_volk_32fc_s32f_x2_power_spectral_density_32f
 92/135 Test  #92: qa_volk_32fc_s32f_x2_power_spectral_density_32f ......   Passed    
        Start  93: qa_volk_32fc_s32fc_multiply_32fc
 93/135 Test  #93: qa_volk_32fc_s32fc_multiply_32fc .....................   Passed    
        Start  94: qa_volk_32fc_s32fc_rotatorpuppet_32fc
 94/135 Test  #94: qa_volk_32fc_s32fc_rotatorpuppet_32fc ................   Passed    
        Start  95: qa_volk_32fc_s32fc_x2_rotator_32fc
 95/135 Test  #95: qa_volk_32fc_s32fc_x2_rotator_32fc ...................   Passed    
        Start  96: qa_volk_32fc_x2_add_32fc
 96/135 Test  #96: qa_volk_32fc_x2_add_32fc .............................   Passed    
        Start  97: qa_volk_32fc_x2_conjugate_dot_prod_32fc
 97/135 Test  #97: qa_volk_32fc_x2_conjugate_dot_prod_32fc ..............   Passed    
        Start  98: qa_volk_32fc_x2_divide_32fc
 98/135 Test  #98: qa_volk_32fc_x2_divide_32fc ..........................   Passed    
        Start  99: qa_volk_32fc_x2_dot_prod_32fc
 99/135 Test  #99: qa_volk_32fc_x2_dot_prod_32fc ........................   Passed    
        Start 100: qa_volk_32fc_x2_multiply_32fc
100/135 Test #100: qa_volk_32fc_x2_multiply_32fc ........................   Passed    
        Start 101: qa_volk_32fc_x2_multiply_conjugate_32fc
101/135 Test #101: qa_volk_32fc_x2_multiply_conjugate_32fc ..............   Passed    
        Start 102: qa_volk_32fc_x2_s32f_square_dist_scalar_mult_32f
102/135 Test #102: qa_volk_32fc_x2_s32f_square_dist_scalar_mult_32f .....   Passed    
        Start 103: qa_volk_32fc_x2_s32fc_multiply_conjugate_add_32fc
103/135 Test #103: qa_volk_32fc_x2_s32fc_multiply_conjugate_add_32fc ....   Passed    
        Start 104: qa_volk_32fc_x2_square_dist_32f
104/135 Test #104: qa_volk_32fc_x2_square_dist_32f ......................   Passed    
        Start 105: qa_volk_32i_s32f_convert_32f
105/135 Test #105: qa_volk_32i_s32f_convert_32f .........................   Passed    
        Start 106: qa_volk_32i_x2_and_32i
106/135 Test #106: qa_volk_32i_x2_and_32i ...............................   Passed    
        Start 107: qa_volk_32i_x2_or_32i
107/135 Test #107: qa_volk_32i_x2_or_32i ................................   Passed    
        Start 108: qa_volk_32u_byteswap
108/135 Test #108: qa_volk_32u_byteswap .................................   Passed    
        Start 109: qa_volk_32u_byteswappuppet_32u
109/135 Test #109: qa_volk_32u_byteswappuppet_32u .......................   Passed    
        Start 110: qa_volk_32u_popcnt
110/135 Test #110: qa_volk_32u_popcnt ...................................   Passed    
        Start 111: qa_volk_32u_popcntpuppet_32u
111/135 Test #111: qa_volk_32u_popcntpuppet_32u .........................   Passed    
        Start 112: qa_volk_32u_reverse_32u
112/135 Test #112: qa_volk_32u_reverse_32u ..............................   Passed    
        Start 113: qa_volk_64f_convert_32f
113/135 Test #113: qa_volk_64f_convert_32f ..............................   Passed    
        Start 114: qa_volk_64f_x2_add_64f
114/135 Test #114: qa_volk_64f_x2_add_64f ...............................   Passed    
        Start 115: qa_volk_64f_x2_max_64f
115/135 Test #115: qa_volk_64f_x2_max_64f ...............................   Passed    
        Start 116: qa_volk_64f_x2_min_64f
116/135 Test #116: qa_volk_64f_x2_min_64f ...............................   Passed    
        Start 117: qa_volk_64f_x2_multiply_64f
117/135 Test #117: qa_volk_64f_x2_multiply_64f ..........................   Passed    
        Start 118: qa_volk_64u_byteswap
118/135 Test #118: qa_volk_64u_byteswap .................................   Passed    
        Start 119: qa_volk_64u_byteswappuppet_64u
119/135 Test #119: qa_volk_64u_byteswappuppet_64u .......................   Passed    
        Start 120: qa_volk_64u_popcnt
120/135 Test #120: qa_volk_64u_popcnt ...................................   Passed    
        Start 121: qa_volk_64u_popcntpuppet_64u
121/135 Test #121: qa_volk_64u_popcntpuppet_64u .........................   Passed    
        Start 122: qa_volk_8i_convert_16i
122/135 Test #122: qa_volk_8i_convert_16i ...............................   Passed    
        Start 123: qa_volk_8i_s32f_convert_32f
123/135 Test #123: qa_volk_8i_s32f_convert_32f ..........................   Passed    
        Start 124: qa_volk_8ic_deinterleave_16i_x2
124/135 Test #124: qa_volk_8ic_deinterleave_16i_x2 ......................   Passed    
        Start 125: qa_volk_8ic_deinterleave_real_16i
125/135 Test #125: qa_volk_8ic_deinterleave_real_16i ....................   Passed    
        Start 126: qa_volk_8ic_deinterleave_real_8i
126/135 Test #126: qa_volk_8ic_deinterleave_real_8i .....................   Passed    
        Start 127: qa_volk_8ic_s32f_deinterleave_32f_x2
127/135 Test #127: qa_volk_8ic_s32f_deinterleave_32f_x2 .................   Passed    
        Start 128: qa_volk_8ic_s32f_deinterleave_real_32f
128/135 Test #128: qa_volk_8ic_s32f_deinterleave_real_32f ...............   Passed    
        Start 129: qa_volk_8ic_x2_multiply_conjugate_16ic
129/135 Test #129: qa_volk_8ic_x2_multiply_conjugate_16ic ...............   Passed    
        Start 130: qa_volk_8ic_x2_s32f_multiply_conjugate_32fc
130/135 Test #130: qa_volk_8ic_x2_s32f_multiply_conjugate_32fc ..........   Passed    
        Start 131: qa_volk_8u_conv_k7_r2puppet_8u
131/135 Test #131: qa_volk_8u_conv_k7_r2puppet_8u .......................   Passed    
        Start 132: qa_volk_8u_x2_encodeframepolar_8u
132/135 Test #132: qa_volk_8u_x2_encodeframepolar_8u ....................   Passed    
        Start 133: qa_volk_8u_x3_encodepolar_8u_x2
133/135 Test #133: qa_volk_8u_x3_encodepolar_8u_x2 ......................   Passed    
        Start 134: qa_volk_8u_x3_encodepolarpuppet_8u
134/135 Test #134: qa_volk_8u_x3_encodepolarpuppet_8u ...................   Passed    
        Start 135: qa_volk_8u_x4_conv_k7_r2_8u
135/135 Test #135: qa_volk_8u_x4_conv_k7_r2_8u ..........................   Passed    

100% tests passed, 0 tests failed out of 135

Total Test time (real) =  
DURATION: 27
END: /usr/lib/volk/ptest
2021-12-10T20:25
STOP: ptest-runner
TOTAL: 3 FAIL: 1
